c:\dev\animhost\cmake_build\animhost_plugins\exampleplugin\exampleplugin.dir\debug\vc142.pdb
c:\dev\animhost\cmake_build\animhost_plugins\exampleplugin\exampleplugin.dir\debug\exampleplugin.obj
c:\dev\animhost\cmake_build\animhost_plugins\exampleplugin\exampleplugin.dir\debug\mocs_compilation_debug.obj
c:\dev\animhost\cmake_build\animhost_plugins\exampleplugin\cmakefiles\generate.stamp
c:\dev\animhost\cmake_build\debug\exampleplugin_d.pdb
c:\dev\animhost\cmake_build\animhost_plugins\exampleplugin\exampleplugin.dir\debug\exampleplugin.tlog\cl.command.1.tlog
c:\dev\animhost\cmake_build\animhost_plugins\exampleplugin\exampleplugin.dir\debug\exampleplugin.tlog\cl.read.1.tlog
c:\dev\animhost\cmake_build\animhost_plugins\exampleplugin\exampleplugin.dir\debug\exampleplugin.tlog\cl.write.1.tlog
c:\dev\animhost\cmake_build\animhost_plugins\exampleplugin\exampleplugin.dir\debug\exampleplugin.tlog\custombuild.command.1.tlog
c:\dev\animhost\cmake_build\animhost_plugins\exampleplugin\exampleplugin.dir\debug\exampleplugin.tlog\custombuild.read.1.tlog
c:\dev\animhost\cmake_build\animhost_plugins\exampleplugin\exampleplugin.dir\debug\exampleplugin.tlog\custombuild.write.1.tlog
c:\dev\animhost\cmake_build\animhost_plugins\exampleplugin\exampleplugin.dir\debug\exampleplugin.tlog\link-cvtres.read.1.tlog
c:\dev\animhost\cmake_build\animhost_plugins\exampleplugin\exampleplugin.dir\debug\exampleplugin.tlog\link-cvtres.write.1.tlog
c:\dev\animhost\cmake_build\animhost_plugins\exampleplugin\exampleplugin.dir\debug\exampleplugin.tlog\link-rc.read.1.tlog
c:\dev\animhost\cmake_build\animhost_plugins\exampleplugin\exampleplugin.dir\debug\exampleplugin.tlog\link-rc.write.1.tlog
c:\dev\animhost\cmake_build\animhost_plugins\exampleplugin\exampleplugin.dir\debug\exampleplugin.tlog\link.command.1.tlog
c:\dev\animhost\cmake_build\animhost_plugins\exampleplugin\exampleplugin.dir\debug\exampleplugin.tlog\link.read.1.tlog
c:\dev\animhost\cmake_build\animhost_plugins\exampleplugin\exampleplugin.dir\debug\exampleplugin.tlog\link.read.2.tlog
c:\dev\animhost\cmake_build\animhost_plugins\exampleplugin\exampleplugin.dir\debug\exampleplugin.tlog\link.read.3.tlog
c:\dev\animhost\cmake_build\animhost_plugins\exampleplugin\exampleplugin.dir\debug\exampleplugin.tlog\link.write.1.tlog
